<?xml version="1.0" encoding="UTF-8"?>
<!-- Generated by org.testng.reporters.JUnitReportReporter -->
<testsuite hostname="WDFV41000629D" name="com.selenium.training.InvokeChrome" tests="1" failures="0" timestamp="23 Mar 2018 16:16:36 GMT" time="9.231" errors="0">
  <testcase name="chromeprogram" time="9.231" classname="com.selenium.training.InvokeChrome"/>
</testsuite> <!-- com.selenium.training.InvokeChrome -->
