<?xml version="1.0" encoding="UTF-8"?>
<!-- Generated by org.testng.reporters.JUnitReportReporter -->
<testsuite skipped="0" hostname="WDFV41000629D" name="com.selenium.training.InvokeChrome3" tests="1" failures="0" timestamp="23 Mar 2018 16:17:56 GMT" time="6.888" errors="0">
  <testcase name="chromeprogram" time="6.888" classname="com.selenium.training.InvokeChrome3"/>
</testsuite> <!-- com.selenium.training.InvokeChrome3 -->
