<?xml version="1.0" encoding="UTF-8"?>
<!-- Generated by org.testng.reporters.JUnitReportReporter -->
<testsuite skipped="0" hostname="WDFV41000629D" name="com.selenium.training.InvokeChrome" tests="1" failures="0" timestamp="23 Mar 2018 16:17:56 GMT" time="8.775" errors="0">
  <testcase name="chromeprogram" time="8.775" classname="com.selenium.training.InvokeChrome"/>
</testsuite> <!-- com.selenium.training.InvokeChrome -->
